[Breakpoint 0]
Enabled=true
File=HuffmanArchive.cpp
Line=87
Temporary=false

[Breakpoint 1]
Enabled=true
File=test.cpp
Line=26
Temporary=false

[Breakpoint 2]
Enabled=true
File=HuffmanArchive.cpp
Line=107
Temporary=false

[General]
DebuggerCmdStr=
DriverName=GDB
ExecutableFile=/files/Nutstore/000/CPPWorkSpace/SHUCourse/DataStructures/Homework/06/huffman_tree/20130308-02/a.out
FileVersion=1
OptionsSelected=
ProgramArgs=/files/Nutstore/000/CPPWorkSpace/SHUCourse/DataStructures/Homework/06/huffman_tree/20130308-02/temp
TTYLevel=7
WorkingDirectory=

[Memory]
ColumnWidths=67,0
NumExprs=0

[Watches]
Expr0=__char_buffer[i]
