[Breakpoint 0]
Address=
Enabled=true
Temporary=false

[Breakpoint 1]
Address=0x400afe
Enabled=true
Temporary=false

[Breakpoint 10]
Address=0x400b32
Enabled=true
Temporary=false

[Breakpoint 11]
Address=0x400b32
Enabled=true
Temporary=false

[Breakpoint 12]
Address=0x400b50
Enabled=true
Temporary=false

[Breakpoint 13]
Address=0x400b50
Enabled=true
Temporary=false

[Breakpoint 14]
Address=0x400f0e
Enabled=true
Temporary=false

[Breakpoint 15]
Address=0x400f0e
Enabled=true
Temporary=false

[Breakpoint 16]
Address=
Enabled=true
Temporary=false

[Breakpoint 17]
Address=0x400afe
Enabled=true
Temporary=false

[Breakpoint 18]
Address=0x400b32
Enabled=true
Temporary=false

[Breakpoint 19]
Address=0x400b32
Enabled=true
Temporary=false

[Breakpoint 2]
Address=0x400b32
Enabled=true
Temporary=false

[Breakpoint 20]
Address=0x400b50
Enabled=true
Temporary=false

[Breakpoint 21]
Address=0x400b50
Enabled=true
Temporary=false

[Breakpoint 22]
Address=0x400f0e
Enabled=true
Temporary=false

[Breakpoint 23]
Address=0x400f0e
Enabled=true
Temporary=false

[Breakpoint 24]
Address=
Enabled=true
Temporary=false

[Breakpoint 25]
Address=0x400afe
Enabled=true
Temporary=false

[Breakpoint 26]
Address=0x400b32
Enabled=true
Temporary=false

[Breakpoint 27]
Address=0x400b32
Enabled=true
Temporary=false

[Breakpoint 28]
Address=0x400b50
Enabled=true
Temporary=false

[Breakpoint 29]
Address=0x400b50
Enabled=true
Temporary=false

[Breakpoint 3]
Address=0x400b32
Enabled=true
Temporary=false

[Breakpoint 30]
Address=0x400f0e
Enabled=true
Temporary=false

[Breakpoint 31]
Address=0x400f0e
Enabled=true
Temporary=false

[Breakpoint 32]
Enabled=true
File=test.cpp
Line=6
Temporary=false

[Breakpoint 4]
Address=0x400b50
Enabled=true
Temporary=false

[Breakpoint 5]
Address=0x400b50
Enabled=true
Temporary=false

[Breakpoint 6]
Address=0x400f0e
Enabled=true
Temporary=false

[Breakpoint 7]
Address=0x400f0e
Enabled=true
Temporary=false

[Breakpoint 8]
Address=
Enabled=true
Temporary=false

[Breakpoint 9]
Address=0x400afe
Enabled=true
Temporary=false

[General]
DebuggerCmdStr=
DriverName=GDB
ExecutableFile=/tmp/a.out
FileVersion=1
OptionsSelected=
ProgramArgs=
TTYLevel=7
WorkingDirectory=

[Memory]
ColumnWidths=67,0
NumExprs=0

[Watches]
Expr0=__x
Expr1=_M_invoker
Expr2=_M_manager
Expr3=_M_functor
Expr4=__clone_functor
