2013-08-18T18:30:28 Checking update-file '/usr/share/kde4/apps/kconf_update/kcookiescfg.upd' for new updates
2013-08-18T18:30:28 kcookiescfg.upd: Found new update 'kde2.2/b1'
2013-08-18T18:30:28 kcookiescfg.upd: File 'kcookiejarrc' does not exist or empty, skipping
2013-08-18T18:30:28 kcookiescfg.upd: Found new update 'kde3.1/cvs'
2013-08-18T18:30:28 kcookiescfg.upd: File 'kcookiejarrc' does not exist or empty, skipping
2013-08-18T18:30:28 kcookiescfg.upd: Found new update 'kde4.10/git'
2013-08-18T18:30:28 kcookiescfg.upd: File 'kcookiejarrc' does not exist or empty, skipping
2013-08-18T18:30:28 Checking update-file '/usr/share/kde4/apps/kconf_update/kio_help.upd' for new updates
2013-08-18T18:30:28 kio_help.upd: Found new update 'kde3_2'
2013-08-18T18:30:28 kio_help.upd: Running script 'move_kio_help_cache.sh'
2013-08-18T18:30:28 [Script] mv: cannot stat ‘/home/adam/.kde/share/apps/kio_help/cache’: No such file or directory
2013-08-18T18:30:28 [Script] rmdir: failed to remove ‘/home/adam/.kde/share/apps/kio_help’: No such file or directory
2013-08-18T18:30:28 Checking update-file '/usr/share/kde4/apps/kconf_update/okular.upd' for new updates
2013-08-18T18:30:28 okular.upd: Found new update 'sep_settings'
2013-08-18T18:30:28 okular.upd: File 'okularpartrc' does not exist or empty, skipping
2013-08-18T18:30:28 Checking update-file '/usr/share/kde4/apps/kconf_update/kuriikwsfilter.upd' for new updates
2013-08-18T18:30:28 kuriikwsfilter.upd: Found new update 'post-kde3.1/cvs'
2013-08-18T18:30:28 kuriikwsfilter.upd: File 'kuriikwsfilterrc' does not exist or empty, skipping
2013-08-18T18:30:28 kuriikwsfilter.upd: Found new update 'pre-kde4.9'
2013-08-18T18:30:28 kuriikwsfilter.upd: File 'kuriikwsfilterrc' does not exist or empty, skipping
2013-08-18T18:30:28 Checking update-file '/usr/share/kde4/apps/kconf_update/devicepreference.upd' for new updates
2013-08-18T18:30:28 devicepreference.upd: Found new update 'DevicesMovedToPlatformPlugin'
2013-08-18T18:30:28 devicepreference.upd: Running script 'phonon_devicepreference_update'
2013-08-18T18:30:28 devicepreference.upd: Found new update 'DevicesUIDsChanged'
2013-08-18T18:30:28 devicepreference.upd: Running script 'phonon_deviceuids_update'
2013-08-18T18:30:28 Checking update-file '/usr/share/kde4/apps/kconf_update/ksslcertificatemanager.upd' for new updates
2013-08-18T18:30:28 ksslcertificatemanager.upd: Found new update 'kde4.2'
2013-08-18T18:30:28 ksslcertificatemanager.upd: Running script 'ksslcertificatemanager.upd.sh'
2013-08-18T18:30:28 [Script] rm: cannot remove ‘/home/adam/.kde//share/config/ksslcertificatemanager’: No such file or directory
2013-08-18T18:30:28 ksslcertificatemanager.upd: !! An error occurred while running 'sh /usr/share/kde4/apps/kconf_update/ksslcertificatemanager.upd.sh'
2013-08-18T18:30:28 Checking update-file '/usr/share/kde4/apps/kconf_update/kate-2.4.upd' for new updates
2013-08-18T18:30:28 kate-2.4.upd: Found new update 'kate2.4'
2013-08-18T18:30:28 Checking update-file '/usr/share/kde4/apps/kconf_update/kded.upd' for new updates
2013-08-18T18:30:28 kded.upd: Found new update 'kde3.0'
2013-08-18T18:30:28 kded.upd: File 'kdedrc' does not exist or empty, skipping
2013-08-18T18:30:28 Checking update-file '/usr/share/kde4/apps/kconf_update/kioslave.upd' for new updates
2013-08-18T18:30:28 kioslave.upd: Found new update 'kde2.2/r1'
2013-08-18T18:30:28 kioslave.upd: File 'kioslaverc' does not exist or empty, skipping
2013-08-18T18:30:28 kioslave.upd: Skipping update 'kde2.2/r1'
2013-08-18T18:30:28 kioslave.upd: File 'kioslaverc' does not exist or empty, skipping
2013-08-18T18:30:28 kioslave.upd: Found new update 'kde2.2/r2'
2013-08-18T18:30:28 kioslave.upd: File 'kioslaverc' does not exist or empty, skipping
2013-08-18T18:30:28 kioslave.upd: Found new update 'kde2.2/r3'
2013-08-18T18:30:28 kioslave.upd: File 'kioslaverc' does not exist or empty, skipping
2013-09-27T18:54:30 Checking update-file '/usr/share/kde4/apps/kconf_update/nepomukstrigiservice-migrate.upd' for new updates
2013-09-27T18:54:30 nepomukstrigiservice-migrate.upd: Found new update 'nepomukstrigiservice-migrate'
2013-09-27T18:54:30 nepomukstrigiservice-migrate.upd: File 'nepomukserverrc' does not exist or empty, skipping
2013-09-27T18:54:30 Checking update-file '/usr/share/kde4/apps/kconf_update/devicepreference.upd' for new updates
2013-09-27T18:54:30 Checking update-file '/usr/share/kde4/apps/kconf_update/favicons.upd' for new updates
2013-09-27T18:54:30 favicons.upd: Found new update 'kde3_2'
2013-09-27T18:54:30 favicons.upd: Running script 'move_favicons.sh'
2013-09-27T18:54:30 Checking update-file '/usr/share/kde4/apps/kconf_update/kioslave.upd' for new updates
2013-09-27T18:54:30 kioslave.upd: Found new update 'kde2.2/r1'
2013-09-27T18:54:30 kioslave.upd: Skipping update 'kde2.2/r1'
2013-09-27T18:54:30 kioslave.upd: File 'kioslaverc' does not exist or empty, skipping
2013-09-27T18:54:30 Checking update-file '/usr/share/kde4/apps/kconf_update/kcookiescfg.upd' for new updates
2013-09-27T18:54:30 Checking update-file '/usr/share/kde4/apps/kconf_update/kded.upd' for new updates
2013-09-27T18:54:30 Checking update-file '/usr/share/kde4/apps/kconf_update/kate-2.4.upd' for new updates
2013-09-27T18:54:30 Checking update-file '/usr/share/kde4/apps/kconf_update/kio_help.upd' for new updates
2013-09-27T18:54:30 Checking update-file '/usr/share/kde4/apps/kconf_update/kuriikwsfilter.upd' for new updates
2013-09-27T18:54:30 Checking update-file '/usr/share/kde4/apps/kconf_update/ksslcertificatemanager.upd' for new updates
2013-09-29T19:11:00 Checking update-file '/usr/share/kde4/apps/kconf_update/kcookiescfg.upd' for new updates
2013-09-29T19:11:00 Checking update-file '/usr/share/kde4/apps/kconf_update/kio_help.upd' for new updates
2013-09-29T19:11:00 Checking update-file '/usr/share/kde4/apps/kconf_update/kuriikwsfilter.upd' for new updates
2013-09-29T19:11:00 Checking update-file '/usr/share/kde4/apps/kconf_update/devicepreference.upd' for new updates
2013-09-29T19:11:00 Checking update-file '/usr/share/kde4/apps/kconf_update/ksslcertificatemanager.upd' for new updates
2013-09-29T19:11:00 Checking update-file '/usr/share/kde4/apps/kconf_update/kate-2.4.upd' for new updates
2013-09-29T19:11:00 Checking update-file '/usr/share/kde4/apps/kconf_update/kded.upd' for new updates
2013-09-29T19:11:00 Checking update-file '/usr/share/kde4/apps/kconf_update/kioslave.upd' for new updates
2013-09-29T19:11:00 kioslave.upd: Found new update 'kde2.2/r1'
2013-09-29T19:11:00 kioslave.upd: Skipping update 'kde2.2/r1'
2013-09-29T19:11:00 kioslave.upd: File 'kioslaverc' does not exist or empty, skipping
2013-10-01T20:59:14 Checking update-file '/usr/share/kde4/apps/kconf_update/devicepreference.upd' for new updates
2013-10-01T20:59:14 Checking update-file '/usr/share/kde4/apps/kconf_update/kioslave.upd' for new updates
2013-10-01T20:59:14 kioslave.upd: Found new update 'kde2.2/r1'
2013-10-01T20:59:14 kioslave.upd: Skipping update 'kde2.2/r1'
2013-10-01T20:59:14 kioslave.upd: File 'kioslaverc' does not exist or empty, skipping
2013-10-01T20:59:14 Checking update-file '/usr/share/kde4/apps/kconf_update/kcookiescfg.upd' for new updates
2013-10-01T20:59:14 Checking update-file '/usr/share/kde4/apps/kconf_update/kded.upd' for new updates
2013-10-01T20:59:14 Checking update-file '/usr/share/kde4/apps/kconf_update/kate-2.4.upd' for new updates
2013-10-01T20:59:14 Checking update-file '/usr/share/kde4/apps/kconf_update/kio_help.upd' for new updates
2013-10-01T20:59:14 Checking update-file '/usr/share/kde4/apps/kconf_update/kuriikwsfilter.upd' for new updates
2013-10-01T20:59:14 Checking update-file '/usr/share/kde4/apps/kconf_update/ksslcertificatemanager.upd' for new updates
2013-10-12T17:47:05 Checking update-file '/usr/share/kde4/apps/kconf_update/kcookiescfg.upd' for new updates
2013-10-12T17:47:05 Checking update-file '/usr/share/kde4/apps/kconf_update/kio_help.upd' for new updates
2013-10-12T17:47:05 Checking update-file '/usr/share/kde4/apps/kconf_update/kopete-pluginloader2.upd' for new updates
2013-10-12T17:47:05 kopete-pluginloader2.upd: Found new update 'kopete0.8/r1'
2013-10-12T17:47:05 kopete-pluginloader2.upd: Running script 'kopete-pluginloader2.sh'
2013-10-12T17:47:05 [Script] /usr/share/kde4/apps/kconf_update/kopete-pluginloader2.sh: 1: /usr/share/kde4/apps/kconf_update/kopete-pluginloader2.sh: kde-config: not found
2013-10-12T17:47:05 Checking update-file '/usr/share/kde4/apps/kconf_update/kwin_remove_delay_focus.upd' for new updates
2013-10-12T17:47:05 kwin_remove_delay_focus.upd: Found new update 'Kwin-4.8'
2013-10-12T17:47:05 kwin_remove_delay_focus.upd: Running script 'kwin_remove_delay_focus.sh'
2013-10-12T17:47:05 Checking update-file '/usr/share/kde4/apps/kconf_update/kwin_update_tabbox_settings.upd' for new updates
2013-10-12T17:47:05 kwin_update_tabbox_settings.upd: Found new update 'Kwin-4.4'
2013-10-12T17:47:05 kwin_update_tabbox_settings.upd: Running script 'kwin_update_tabbox_settings'
2013-10-12T17:47:05 [Script] QDBusConnection: session D-Bus connection created before QCoreApplication. Application may misbehave.
2013-10-12T17:47:05 Checking update-file '/usr/share/kde4/apps/kconf_update/kscreenlocker_locksession-shortcut.upd' for new updates
2013-10-12T17:47:05 kscreenlocker_locksession-shortcut.upd: Found new update '4.9-locksession-shortcut'
2013-10-12T17:47:05 kscreenlocker_locksession-shortcut.upd: Running script 'force_krunner_lock_shortcut_unreg'
2013-10-12T17:47:06 [Script] QDBusConnection: session D-Bus connection created before QCoreApplication. Application may misbehave.
2013-10-12T17:47:06 Checking update-file '/usr/share/kde4/apps/kconf_update/ksmserver_shortcuts.upd' for new updates
2013-10-12T17:47:06 ksmserver_shortcuts.upd: Found new update 'kde4.10'
2013-10-12T17:47:06 ksmserver_shortcuts.upd: Found new update 'kde4.10-remove-group-kscreenlocker'
2013-10-12T17:47:06 Checking update-file '/usr/share/kde4/apps/kconf_update/kwin_update_411.upd' for new updates
2013-10-12T17:47:06 kwin_update_411.upd: Found new update 'Kwin-4.11_0'
2013-10-12T17:47:06 kwin_update_411.upd: Running script 'kwin_update_settings_411'
2013-10-12T17:47:06 Checking update-file '/usr/share/kde4/apps/kconf_update/newmailnotifier.upd' for new updates
2013-10-12T17:47:06 newmailnotifier.upd: Found new update 'initial-newmailnotifier-migration'
2013-10-12T17:47:06 newmailnotifier.upd: File 'kmail2rc' does not exist or empty, skipping
2013-10-12T17:47:06 Checking update-file '/usr/share/kde4/apps/kconf_update/katomic-levelset.upd' for new updates
2013-10-12T17:47:06 katomic-levelset.upd: Found new update 'katomic_levelset_config_update'
2013-10-12T17:47:06 katomic-levelset.upd: File 'katomicrc' does not exist or empty, skipping
2013-10-12T17:47:06 Checking update-file '/usr/share/kde4/apps/kconf_update/kgthemeprovider-migration.upd' for new updates
2013-10-12T17:47:06 kgthemeprovider-migration.upd: Found new update 'bomber'
2013-10-12T17:47:06 kgthemeprovider-migration.upd: File 'bomberrc' does not exist or empty, skipping
2013-10-12T17:47:06 kgthemeprovider-migration.upd: Found new update 'granatier'
2013-10-12T17:47:06 kgthemeprovider-migration.upd: File 'granatierrc' does not exist or empty, skipping
2013-10-12T17:47:06 kgthemeprovider-migration.upd: Found new update 'kbounce'
2013-10-12T17:47:06 kgthemeprovider-migration.upd: File 'kbouncerc' does not exist or empty, skipping
2013-10-12T17:47:06 kgthemeprovider-migration.upd: Found new update 'kbreakout'
2013-10-12T17:47:06 kgthemeprovider-migration.upd: File 'kbreakoutrc' does not exist or empty, skipping
2013-10-12T17:47:06 kgthemeprovider-migration.upd: Found new update 'kdiamond'
2013-10-12T17:47:06 kgthemeprovider-migration.upd: File 'kdiamondrc' does not exist or empty, skipping
2013-10-12T17:47:06 kgthemeprovider-migration.upd: Found new update 'killbots'
2013-10-12T17:47:06 kgthemeprovider-migration.upd: File 'killbotsrc' does not exist or empty, skipping
2013-10-12T17:47:06 kgthemeprovider-migration.upd: Found new update 'klickety'
2013-10-12T17:47:06 kgthemeprovider-migration.upd: File 'klickety' does not exist or empty, skipping
2013-10-12T17:47:06 kgthemeprovider-migration.upd: Found new update 'klines'
2013-10-12T17:47:06 kgthemeprovider-migration.upd: File 'klines' does not exist or empty, skipping
2013-10-12T17:47:06 kgthemeprovider-migration.upd: Found new update 'kmines'
2013-10-12T17:47:06 kgthemeprovider-migration.upd: File 'kmines' does not exist or empty, skipping
2013-10-12T17:47:06 kgthemeprovider-migration.upd: Found new update 'knetwalk'
2013-10-12T17:47:06 kgthemeprovider-migration.upd: File 'knetwalk' does not exist or empty, skipping
2013-10-12T17:47:06 kgthemeprovider-migration.upd: Found new update 'kpat'
2013-10-12T17:47:06 kgthemeprovider-migration.upd: File 'kpat' does not exist or empty, skipping
2013-10-12T17:47:06 Checking update-file '/usr/share/kde4/apps/kconf_update/kopete-update_icq_server.upd' for new updates
2013-10-12T17:47:06 kopete-update_icq_server.upd: Found new update 'kopete-update-icq-server/r1'
2013-10-12T17:47:06 kopete-update_icq_server.upd: Running script 'kopete-update_icq_server.pl'
2013-10-12T17:47:06 Checking update-file '/usr/share/kde4/apps/kconf_update/kopete-jabberpriorityaddition-kconf_update.upd' for new updates
2013-10-12T17:47:06 kopete-jabberpriorityaddition-kconf_update.upd: Found new update 'kopete0.9/r1'
2013-10-12T17:47:06 kopete-jabberpriorityaddition-kconf_update.upd: Running script 'kopete-jabberpriorityaddition-kconf_update.sh'
2013-10-12T17:47:06 Checking update-file '/usr/share/kde4/apps/kconf_update/kopete-jabberproxytype-kconf_update.upd' for new updates
2013-10-12T17:47:06 kopete-jabberproxytype-kconf_update.upd: Found new update 'kopete0.9/r1'
2013-10-12T17:47:06 kopete-jabberproxytype-kconf_update.upd: Running script 'kopete-jabberproxytype-kconf_update.sh'
2013-10-12T17:47:06 Checking update-file '/usr/share/kde4/apps/kconf_update/mailfilteragent.upd' for new updates
2013-10-12T17:47:06 mailfilteragent.upd: Found new update 'initial-mailfilteragent-migration'
2013-10-12T17:47:06 mailfilteragent.upd: File 'kmail2rc' does not exist or empty, skipping
2013-10-12T17:47:06 Checking update-file '/usr/share/kde4/apps/kconf_update/kcalcrc.upd' for new updates
2013-10-12T17:47:06 kcalcrc.upd: Found new update 'KDE_3_2_0'
2013-10-12T17:47:06 kcalcrc.upd: File 'kcalcrc' does not exist or empty, skipping
2013-10-12T17:47:06 kcalcrc.upd: Found new update 'KDE_4_3_0'
2013-10-12T17:47:06 kcalcrc.upd: File 'kcalcrc' does not exist or empty, skipping
2013-10-12T17:47:06 Checking update-file '/usr/share/kde4/apps/kconf_update/kopete-update_icq_ssl.upd' for new updates
2013-10-12T17:47:06 kopete-update_icq_ssl.upd: Found new update 'kopete-update-icq-ssl/r1'
2013-10-12T17:47:06 kopete-update_icq_ssl.upd: Running script 'kopete-update_icq_ssl.pl'
2013-10-12T17:47:06 Checking update-file '/usr/share/kde4/apps/kconf_update/kwin_remove_effects.upd' for new updates
2013-10-12T17:47:06 kwin_remove_effects.upd: Found new update 'kwin4.7_effects'
2013-10-12T17:47:06 Checking update-file '/usr/share/kde4/apps/kconf_update/kwin_update_49.upd' for new updates
2013-10-12T17:47:06 kwin_update_49.upd: Found new update 'Kwin-4.9'
2013-10-12T17:47:06 kwin_update_49.upd: Running script 'kwin_update_settings_49'
2013-10-12T17:47:06 [Script] QDBusConnection: session D-Bus connection created before QCoreApplication. Application may misbehave.
2013-10-12T17:47:06 Checking update-file '/usr/share/kde4/apps/kconf_update/krdb_libpathwipe.upd' for new updates
2013-10-12T17:47:06 krdb_libpathwipe.upd: Found new update 'LibraryPathWipeOutKubuntu'
2013-10-12T17:47:06 krdb_libpathwipe.upd: Running script 'krdb_clearlibrarypath'
2013-10-12T17:47:06 Checking update-file '/usr/share/kde4/apps/kconf_update/konsole_remove_background_mode.upd' for new updates
2013-10-12T17:47:06 konsole_remove_background_mode.upd: Found new update '2.11.0-remove-background-mode'
2013-10-12T17:47:06 Checking update-file '/usr/share/kde4/apps/kconf_update/kalarm.upd' for new updates
2013-10-12T17:47:06 kalarm.upd: Found new update '1.9.5'
2013-10-12T17:47:06 kalarm.upd: File 'kalarmrc' does not exist or empty, skipping
2013-10-12T17:47:06 kalarm.upd: Found new update '1.9.9'
2013-10-12T17:47:06 kalarm.upd: File 'kalarmrc' does not exist or empty, skipping
2013-10-12T17:47:06 kalarm.upd: Found new update '1.9.12'
2013-10-12T17:47:06 kalarm.upd: File 'kalarmrc' does not exist or empty, skipping
2013-10-12T17:47:06 kalarm.upd: Found new update '2.0.0'
2013-10-12T17:47:06 kalarm.upd: File 'kalarmrc' does not exist or empty, skipping
2013-10-12T17:47:06 kalarm.upd: Found new update '2.0.2'
2013-10-12T17:47:06 kalarm.upd: File 'kalarmrc' does not exist or empty, skipping
2013-10-12T17:47:06 kalarm.upd: Found new update '2.1.5'
2013-10-12T17:47:06 kalarm.upd: File 'kalarmrc' does not exist or empty, skipping
2013-10-12T17:47:06 kalarm.upd: Found new update '2.3.2'
2013-10-12T17:47:06 kalarm.upd: File 'kalarmrc' does not exist or empty, skipping
2013-10-12T17:47:06 Checking update-file '/usr/share/kde4/apps/kconf_update/kopete-gaim_to_pidgin_style.upd' for new updates
2013-10-12T17:47:06 kopete-gaim_to_pidgin_style.upd: Found new update 'kopete0.70.85/r1'
2013-10-12T17:47:06 kopete-gaim_to_pidgin_style.upd: Running script 'kopete-gaim_to_pidgin_style.pl'
2013-10-12T17:47:06 Checking update-file '/usr/share/kde4/apps/kconf_update/klipper-kconfigxt.upd' for new updates
2013-10-12T17:47:06 klipper-kconfigxt.upd: Found new update 'KlipperNoSpacesInKeyNames'
2013-10-12T17:47:06 klipper-kconfigxt.upd: File 'klipperrc' does not exist or empty, skipping
2013-10-12T17:47:06 Checking update-file '/usr/share/kde4/apps/kconf_update/kopete-account-kconf_update.upd' for new updates
2013-10-12T17:47:06 kopete-account-kconf_update.upd: Found new update 'kopete0.7/r1'
2013-10-12T17:47:06 kopete-account-kconf_update.upd: Running script 'kopete-account-kconf_update.sh'
2013-10-12T17:47:06 [Script] /usr/share/kde4/apps/kconf_update/kopete-account-kconf_update.sh: 1: /usr/share/kde4/apps/kconf_update/kopete-account-kconf_update.sh: kde-config: not found
2013-10-12T17:47:06 kopete-account-kconf_update.upd: Found new update 'kopete0.10/r1'
2013-10-12T17:47:06 kopete-account-kconf_update.upd: Running script 'kopete-account-0.10.pl'
2013-10-12T17:47:06 Checking update-file '/usr/share/kde4/apps/kconf_update/okular.upd' for new updates
2013-10-12T17:47:06 Checking update-file '/usr/share/kde4/apps/kconf_update/knode.upd' for new updates
2013-10-12T17:47:06 knode.upd: Found new update '001'
2013-10-12T17:47:06 knode.upd: File 'knoderc' does not exist or empty, skipping
2013-10-12T17:47:06 Checking update-file '/usr/share/kde4/apps/kconf_update/kuriikwsfilter.upd' for new updates
2013-10-12T17:47:06 Checking update-file '/usr/share/kde4/apps/kconf_update/devicepreference.upd' for new updates
2013-10-12T17:47:06 Checking update-file '/usr/share/kde4/apps/kconf_update/ksslcertificatemanager.upd' for new updates
2013-10-12T17:47:06 Checking update-file '/usr/share/kde4/apps/kconf_update/korganizer.upd' for new updates
2013-10-12T17:47:06 korganizer.upd: Found new update 'korganizer_3.4_GroupwareCleanup'
2013-10-12T17:47:06 korganizer.upd: File 'korganizerrc' does not exist or empty, skipping
2013-10-12T17:47:06 korganizer.upd: Found new update 'korganizer_3.4_WebExport'
2013-10-12T17:47:06 korganizer.upd: File 'korganizerrc' does not exist or empty, skipping
2013-10-12T17:47:06 korganizer.upd: Found new update 'korganizer_3.4_FilterAction'
2013-10-12T17:47:06 korganizer.upd: File 'korganizerrc' does not exist or empty, skipping
2013-10-12T17:47:06 korganizer.upd: Found new update 'korganizer_3.4_HolidayPlugin'
2013-10-12T17:47:06 korganizer.upd: File 'korganizerrc' does not exist or empty, skipping
2013-10-12T17:47:06 korganizer.upd: Found new update 'korganizer_4.3_ShowTodos'
2013-10-12T17:47:06 korganizer.upd: File 'korganizerrc' does not exist or empty, skipping
2013-10-12T17:47:06 korganizer.upd: Found new update 'korganizer_4.4_MoveFreeBusy'
2013-10-12T17:47:06 korganizer.upd: File 'korganizerrc' does not exist or empty, skipping
2013-10-12T17:47:06 Checking update-file '/usr/share/kde4/apps/kconf_update/kpgp.upd' for new updates
2013-10-12T17:47:06 kpgp.upd: Found new update 'preKDE3_a'
2013-10-12T17:47:06 kpgp.upd: File 'kpgprc' does not exist or empty, skipping
2013-10-12T17:47:06 kpgp.upd: Found new update '3.1-1'
2013-10-12T17:47:06 kpgp.upd: File 'kpgprc' does not exist or empty, skipping
2013-10-12T17:47:06 Checking update-file '/usr/share/kde4/apps/kconf_update/kwin_translate_confrequest_rule.upd' for new updates
2013-10-12T17:47:06 kwin_translate_confrequest_rule.upd: Found new update 'Kwin-4.11'
2013-10-12T17:47:06 kwin_translate_confrequest_rule.upd: Running script 'kwin_translate_confrequest_rule.sh'
2013-10-12T17:47:06 Checking update-file '/usr/share/kde4/apps/kconf_update/kate-2.4.upd' for new updates
2013-10-12T17:47:06 Checking update-file '/usr/share/kde4/apps/kconf_update/kget.upd' for new updates
2013-10-12T17:47:07 kget.upd: Found new update '2.8.0'
2013-10-12T17:47:07 kget.upd: File 'kgetrc' does not exist or empty, skipping
2013-10-12T17:47:07 kget.upd: Found new update '2.8.0/multiseg'
2013-10-12T17:47:07 kget.upd: File 'kget_multisegkiofactory.rc' does not exist or empty, skipping
2013-10-12T17:47:07 kget.upd: Found new update '2.8.0/sensitive'
2013-10-12T17:47:07 kget.upd: File 'kgetrc' does not exist or empty, skipping
2013-10-12T17:47:07 kget.upd: Found new update '2.8.0/limitdownloads'
2013-10-12T17:47:07 kget.upd: File 'kgetrc' does not exist or empty, skipping
2013-10-12T17:47:07 Checking update-file '/usr/share/kde4/apps/kconf_update/klickety.upd' for new updates
2013-10-12T17:47:07 klickety.upd: Found new update 'klickety-2.0-inherit-ksame-highscore'
2013-10-12T17:47:07 klickety.upd: File 'ksamerc' does not exist or empty, skipping
2013-10-12T17:47:07 Checking update-file '/usr/share/kde4/apps/kconf_update/mailtransports.upd' for new updates
2013-10-12T17:47:07 mailtransports.upd: Found new update 'initial-kmail-migration'
2013-10-12T17:47:07 mailtransports.upd: File 'kmailrc' does not exist or empty, skipping
2013-10-12T17:47:07 mailtransports.upd: Found new update 'initial-knode-migration'
2013-10-12T17:47:07 mailtransports.upd: File 'knoderc' does not exist or empty, skipping
2013-10-12T17:47:07 Checking update-file '/usr/share/kde4/apps/kconf_update/drkonqi-rename-config-section.upd' for new updates
2013-10-12T17:47:07 drkonqi-rename-config-section.upd: Found new update 'kde-4.11'
2013-10-12T17:47:07 drkonqi-rename-config-section.upd: File 'drkonqirc' does not exist or empty, skipping
2013-10-12T17:47:07 Checking update-file '/usr/share/kde4/apps/kconf_update/kwin_update_410.upd' for new updates
2013-10-12T17:47:07 kwin_update_410.upd: Found new update 'Kwin-4.10_1'
2013-10-12T17:47:07 kwin_update_410.upd: Running script 'kwin_update_settings_410'
2013-10-12T17:47:07 [Script] QDBusConnection: session D-Bus connection created before QCoreApplication. Application may misbehave.
2013-10-12T17:47:07 Checking update-file '/usr/share/kde4/apps/kconf_update/kopete-nameTracking.upd' for new updates
2013-10-12T17:47:07 kopete-nameTracking.upd: Found new update 'kopete0.9/r1'
2013-10-12T17:47:07 kopete-nameTracking.upd:3:'Script=kopete-nameTracking-kconf_update': Script 'kopete-nameTracking-kconf_update' not found
2013-10-12T17:47:07 Checking update-file '/usr/share/kde4/apps/kconf_update/plasma-add-shortcut-to-menu.upd' for new updates
2013-10-12T17:47:07 plasma-add-shortcut-to-menu.upd: Found new update '4.1LauncherShortcut'
2013-10-12T17:47:07 plasma-add-shortcut-to-menu.upd:2:'Script=plasma-add-shortcut-to-menu-update': Script 'plasma-add-shortcut-to-menu-update' not found
2013-10-12T17:47:07 Checking update-file '/usr/share/kde4/apps/kconf_update/plasma-to-plasmadesktop-shortcuts.upd' for new updates
2013-10-12T17:47:07 plasma-to-plasmadesktop-shortcuts.upd: Found new update '4.3plasma-desktop-shortcuts'
2013-10-12T17:47:07 Checking update-file '/usr/share/kde4/apps/kconf_update/kwin_update_tabbox_qml_settings.upd' for new updates
2013-10-12T17:47:07 kwin_update_tabbox_qml_settings.upd: Found new update 'Kwin-4.8'
2013-10-12T17:47:07 kwin_update_tabbox_qml_settings.upd: Running script 'kwin_update_tabbox_qml_settings'
2013-10-12T17:47:07 [Script] QDBusConnection: session D-Bus connection created before QCoreApplication. Application may misbehave.
2013-10-12T17:47:07 Checking update-file '/usr/share/kde4/apps/kconf_update/kopete-initialstatus.upd' for new updates
2013-10-12T17:47:07 kopete-initialstatus.upd: Found new update 'kopete0.60.80/r1'
2013-10-12T17:47:07 kopete-initialstatus.upd: Running script 'kopete-initialstatus.pl'
2013-10-12T17:47:07 kopete-initialstatus.upd: Script removes kopeterc:Behavior:autoConnect
2013-10-12T17:47:07 Checking update-file '/usr/share/kde4/apps/kconf_update/kopete-pluginloader.upd' for new updates
2013-10-12T17:47:07 kopete-pluginloader.upd: Found new update 'kopete0.7/r1'
2013-10-12T17:47:07 kopete-pluginloader.upd: Running script 'kopete-pluginloader.pl'
2013-10-12T17:47:07 kopete-pluginloader.upd: Script removes kopeterc::Modules
2013-10-12T17:47:07 Checking update-file '/usr/share/kde4/apps/kconf_update/kded.upd' for new updates
2013-10-12T17:47:07 Checking update-file '/usr/share/kde4/apps/kconf_update/plasmarc-to-plasmadesktoprc.upd' for new updates
2013-10-12T17:47:07 plasmarc-to-plasmadesktoprc.upd: Found new update '4.3plasma-desktop'
2013-10-12T17:47:07 plasmarc-to-plasmadesktoprc.upd: Running script 'plasma-to-plasma-desktop'
2013-10-12T17:47:07 Checking update-file '/usr/share/kde4/apps/kconf_update/oxygen.upd' for new updates
2013-10-12T17:47:07 oxygen.upd: Found new update '1'
2013-10-12T17:47:07 oxygen.upd: File 'oxygenrc' does not exist or empty, skipping
2013-10-12T17:47:07 Checking update-file '/usr/share/kde4/apps/kconf_update/kwin_fsp_workarounds_1.upd' for new updates
2013-10-12T17:47:07 kwin_fsp_workarounds_1.upd: Found new update 'kde351'
2013-10-12T17:47:07 kwin_fsp_workarounds_1.upd: Running script 'kwin_update_default_rules' with arguments 'fsp_workarounds_1.kwinrules'
2013-10-12T17:47:07 [Script] QDBusConnection: session D-Bus connection created before QCoreApplication. Application may misbehave.
2013-10-12T17:47:07 Checking update-file '/usr/share/kde4/apps/kconf_update/kmail.upd' for new updates
2013-10-12T17:47:07 kmail.upd: Found new update '1'
2013-10-12T17:47:07 kmail.upd: File 'kmail2rc' does not exist or empty, skipping
2013-10-12T17:47:07 kmail.upd: Found new update '4'
2013-10-12T17:47:07 kmail.upd: File 'kmail2rc' does not exist or empty, skipping
2013-10-12T17:47:07 kmail.upd: Found new update '5'
2013-10-12T17:47:07 kmail.upd: File 'kmail2rc' does not exist or empty, skipping
2013-10-12T17:47:07 kmail.upd: File 'kpgprc' does not exist or empty, skipping
2013-10-12T17:47:07 kmail.upd: Found new update '6'
2013-10-12T17:47:07 kmail.upd: File 'kmail2rc' does not exist or empty, skipping
2013-10-12T17:47:07 kmail.upd: Found new update '7'
2013-10-12T17:47:07 kmail.upd: File 'kmail2rc' does not exist or empty, skipping
2013-10-12T17:47:07 kmail.upd: Found new update '8'
2013-10-12T17:47:07 kmail.upd: File 'kmail2rc' does not exist or empty, skipping
2013-10-12T17:47:07 kmail.upd: Found new update '9'
2013-10-12T17:47:07 kmail.upd: File 'kmail2rc' does not exist or empty, skipping
2013-10-12T17:47:07 kmail.upd: Found new update '3.1-update-identities'
2013-10-12T17:47:07 kmail.upd: File 'kmail2rc' does not exist or empty, skipping
2013-10-12T17:47:07 kmail.upd: Found new update '3.1-use-identity-uoids'
2013-10-12T17:47:07 kmail.upd: File 'kmail2rc' does not exist or empty, skipping
2013-10-12T17:47:07 kmail.upd: Found new update '3.1-new-mail-notification'
2013-10-12T17:47:07 kmail.upd: File 'kmail2rc' does not exist or empty, skipping
2013-10-12T17:47:07 kmail.upd: Found new update '3.2-update-loop-on-goto-unread-settings'
2013-10-12T17:47:07 kmail.upd: File 'kmail2rc' does not exist or empty, skipping
2013-10-12T17:47:07 kmail.upd: Found new update '3.1.4-dont-use-UOID-0-for-any-identity'
2013-10-12T17:47:07 kmail.upd: File 'kmail2rc' does not exist or empty, skipping
2013-10-12T17:47:07 kmail.upd: Found new update '3.2-misc'
2013-10-12T17:47:07 kmail.upd: File 'kmail2rc' does not exist or empty, skipping
2013-10-12T17:47:07 kmail.upd: Found new update '3.2-moves'
2013-10-12T17:47:07 kmail.upd: File 'kmail2rc' does not exist or empty, skipping
2013-10-12T17:47:07 kmail.upd: Found new update '3.3-use-ID-for-accounts'
2013-10-12T17:47:07 kmail.upd: File 'kmail2rc' does not exist or empty, skipping
2013-10-12T17:47:07 kmail.upd: Found new update '3.3-update-filter-rules'
2013-10-12T17:47:07 kmail.upd: File 'kmail2rc' does not exist or empty, skipping
2013-10-12T17:47:07 kmail.upd: Found new update '3.3-move-identities-to-own-file'
2013-10-12T17:47:07 kmail.upd: File 'kmail2rc' does not exist or empty, skipping
2013-10-12T17:47:07 kmail.upd: Found new update '3.3-aegypten-kpgprc-to-kmailrc'
2013-10-12T17:47:07 kmail.upd: File 'kpgprc' does not exist or empty, skipping
2013-10-12T17:47:07 kmail.upd: Found new update '3.3-aegypten-kpgprc-to-libkleopatrarc'
2013-10-12T17:47:07 kmail.upd: File 'kpgprc' does not exist or empty, skipping
2013-10-12T17:47:07 kmail.upd: Found new update '3.3-aegypten-emailidentities-split-sign-encr-keys'
2013-10-12T17:47:07 kmail.upd: File 'emailidentities' does not exist or empty, skipping
2013-10-12T17:47:07 kmail.upd: Found new update '3.3-misc'
2013-10-12T17:47:07 kmail.upd: File 'kmail2rc' does not exist or empty, skipping
2013-10-12T17:47:07 kmail.upd: Found new update '3.3b1-misc'
2013-10-12T17:47:07 kmail.upd: File 'kmail2rc' does not exist or empty, skipping
2013-10-12T17:47:07 kmail.upd: Found new update '3.4'
2013-10-12T17:47:07 kmail.upd: File 'kmail2rc' does not exist or empty, skipping
2013-10-12T17:47:07 kmail.upd: Found new update '3.4a'
2013-10-12T17:47:07 kmail.upd: File 'kmail2rc' does not exist or empty, skipping
2013-10-12T17:47:07 kmail.upd: Found new update '3.4b'
2013-10-12T17:47:07 kmail.upd: File 'kmail2rc' does not exist or empty, skipping
2013-10-12T17:47:07 kmail.upd: Found new update '3.4.1'
2013-10-12T17:47:07 kmail.upd: File 'kmail2rc' does not exist or empty, skipping
2013-10-12T17:47:07 kmail.upd: Found new update '3.5.4'
2013-10-12T17:47:07 kmail.upd: File 'kmail2rc' does not exist or empty, skipping
2013-10-12T17:47:07 kmail.upd: Found new update '3.5.7-imap-flag-migration'
2013-10-12T17:47:07 kmail.upd: File 'kmail2rc' does not exist or empty, skipping
2013-10-12T17:47:07 kmail.upd: Found new update '4.0-misc'
2013-10-12T17:47:07 kmail.upd: File 'kmail2rc' does not exist or empty, skipping
2013-10-12T17:47:07 kmail.upd: Found new update '4.2'
2013-10-12T17:47:07 kmail.upd: File 'kmail2rc' does not exist or empty, skipping
2013-10-12T17:47:07 kmail.upd: Found new update '4.4-akonadi'
2013-10-12T17:47:07 kmail.upd: File 'kmail2rc' does not exist or empty, skipping
2013-10-12T17:47:07 Checking update-file '/usr/share/kde4/apps/kconf_update/kopete-update_yahoo_server.upd' for new updates
2013-10-12T17:47:07 kopete-update_yahoo_server.upd: Found new update 'kopete-update-yahoo-server/r1'
2013-10-12T17:47:07 kopete-update_yahoo_server.upd: Running script 'kopete-update_yahoo_server.pl'
2013-10-12T17:47:07 Checking update-file '/usr/share/kde4/apps/kconf_update/notifications-to-orgkdenotifications.upd' for new updates
2013-10-12T17:47:07 notifications-to-orgkdenotifications.upd: Found new update '4.10QmlNotifications'
2013-10-12T17:47:07 notifications-to-orgkdenotifications.upd: Running script 'notifications-to-orgkdenotifications'
2013-10-12T17:47:08 Checking update-file '/usr/share/kde4/apps/kconf_update/konsole.upd' for new updates
2013-10-12T17:47:08 konsole.upd: Found new update '2.9.0-global-options'
2013-10-12T17:47:08 konsole.upd: File 'konsolerc' does not exist or empty, skipping
2013-10-12T17:47:08 konsole.upd: Found new update '2.9.0-colorscheme-bold-key'
2013-10-12T17:47:08 konsole.upd: Running script 'konsole-2.9.0-colorscheme-bold-key.sh'
2013-10-12T17:47:08 konsole.upd: Found new update '2.10.0-remove-menuindex-from-profiles'
2013-10-12T17:47:08 konsole.upd: Running script 'konsole-2.10.0-remove-menuindex-from-profiles.sh'
2013-10-12T17:47:08 Checking update-file '/usr/share/kde4/apps/kconf_update/kwin_translate_activity_rule.upd' for new updates
2013-10-12T17:47:08 kwin_translate_activity_rule.upd: Found new update 'Kwin-4.10'
2013-10-12T17:47:08 kwin_translate_activity_rule.upd: Running script 'kwin_translate_activity_rule.sh'
2013-10-12T17:47:08 Checking update-file '/usr/share/kde4/apps/kconf_update/kioslave.upd' for new updates
2013-10-12T17:47:08 kioslave.upd: Found new update 'kde2.2/r1'
2013-10-12T17:47:08 kioslave.upd: Skipping update 'kde2.2/r1'
2013-10-12T17:47:08 kioslave.upd: File 'kioslaverc' does not exist or empty, skipping
2013-10-21T20:24:13 Checking update-file '/usr/share/kde4/apps/kconf_update/devicepreference.upd' for new updates
2013-10-21T20:24:13 Checking update-file '/usr/share/kde4/apps/kconf_update/kioslave.upd' for new updates
2013-10-21T20:24:13 kioslave.upd: Found new update 'kde2.2/r1'
2013-10-21T20:24:13 kioslave.upd: Skipping update 'kde2.2/r1'
2013-10-21T20:24:13 kioslave.upd: File 'kioslaverc' does not exist or empty, skipping
2013-10-21T20:24:13 Checking update-file '/usr/share/kde4/apps/kconf_update/kcookiescfg.upd' for new updates
2013-10-21T20:24:13 Checking update-file '/usr/share/kde4/apps/kconf_update/kded.upd' for new updates
2013-10-21T20:24:13 Checking update-file '/usr/share/kde4/apps/kconf_update/kate-2.4.upd' for new updates
2013-10-21T20:24:13 Checking update-file '/usr/share/kde4/apps/kconf_update/kio_help.upd' for new updates
2013-10-21T20:24:13 Checking update-file '/usr/share/kde4/apps/kconf_update/kuriikwsfilter.upd' for new updates
2013-10-21T20:24:13 Checking update-file '/usr/share/kde4/apps/kconf_update/ksslcertificatemanager.upd' for new updates
2013-10-23T10:15:55 Checking update-file '/usr/share/kde4/apps/kconf_update/kcookiescfg.upd' for new updates
2013-10-23T10:15:55 Checking update-file '/usr/share/kde4/apps/kconf_update/kio_help.upd' for new updates
2013-10-23T10:15:55 Checking update-file '/usr/share/kde4/apps/kconf_update/kwin_remove_delay_focus.upd' for new updates
2013-10-23T10:15:55 Checking update-file '/usr/share/kde4/apps/kconf_update/kwin_update_tabbox_settings.upd' for new updates
2013-10-23T10:15:55 Checking update-file '/usr/share/kde4/apps/kconf_update/kscreenlocker_locksession-shortcut.upd' for new updates
2013-10-23T10:15:55 Checking update-file '/usr/share/kde4/apps/kconf_update/ksmserver_shortcuts.upd' for new updates
2013-10-23T10:15:55 Checking update-file '/usr/share/kde4/apps/kconf_update/kwin_update_411.upd' for new updates
2013-10-23T10:15:55 Checking update-file '/usr/share/kde4/apps/kconf_update/newmailnotifier.upd' for new updates
2013-10-23T10:15:55 Checking update-file '/usr/share/kde4/apps/kconf_update/kwin_remove_effects.upd' for new updates
2013-10-23T10:15:55 Checking update-file '/usr/share/kde4/apps/kconf_update/kwin_update_49.upd' for new updates
2013-10-23T10:15:55 Checking update-file '/usr/share/kde4/apps/kconf_update/krdb_libpathwipe.upd' for new updates
2013-10-23T10:15:55 Checking update-file '/usr/share/kde4/apps/kconf_update/konsole_remove_background_mode.upd' for new updates
2013-10-23T10:15:55 Checking update-file '/usr/share/kde4/apps/kconf_update/klipper-kconfigxt.upd' for new updates
2013-10-23T10:15:55 Checking update-file '/usr/share/kde4/apps/kconf_update/okular.upd' for new updates
2013-10-23T10:15:55 Checking update-file '/usr/share/kde4/apps/kconf_update/kuriikwsfilter.upd' for new updates
2013-10-23T10:15:55 Checking update-file '/usr/share/kde4/apps/kconf_update/devicepreference.upd' for new updates
2013-10-23T10:15:55 Checking update-file '/usr/share/kde4/apps/kconf_update/ksslcertificatemanager.upd' for new updates
2013-10-23T10:15:55 Checking update-file '/usr/share/kde4/apps/kconf_update/kwin_translate_confrequest_rule.upd' for new updates
2013-10-23T10:15:56 Checking update-file '/usr/share/kde4/apps/kconf_update/kate-2.4.upd' for new updates
2013-10-23T10:15:56 Checking update-file '/usr/share/kde4/apps/kconf_update/mailtransports.upd' for new updates
2013-10-23T10:15:56 Checking update-file '/usr/share/kde4/apps/kconf_update/drkonqi-rename-config-section.upd' for new updates
2013-10-23T10:15:56 Checking update-file '/usr/share/kde4/apps/kconf_update/kwin_update_410.upd' for new updates
2013-10-23T10:15:56 Checking update-file '/usr/share/kde4/apps/kconf_update/plasma-add-shortcut-to-menu.upd' for new updates
2013-10-23T10:15:56 plasma-add-shortcut-to-menu.upd: Found new update '4.1LauncherShortcut'
2013-10-23T10:15:56 plasma-add-shortcut-to-menu.upd:2:'Script=plasma-add-shortcut-to-menu-update': Script 'plasma-add-shortcut-to-menu-update' not found
2013-10-23T10:15:56 Checking update-file '/usr/share/kde4/apps/kconf_update/plasma-to-plasmadesktop-shortcuts.upd' for new updates
2013-10-23T10:15:56 Checking update-file '/usr/share/kde4/apps/kconf_update/kwin_update_tabbox_qml_settings.upd' for new updates
2013-10-23T10:15:56 Checking update-file '/usr/share/kde4/apps/kconf_update/kded.upd' for new updates
2013-10-23T10:15:56 Checking update-file '/usr/share/kde4/apps/kconf_update/plasmarc-to-plasmadesktoprc.upd' for new updates
2013-10-23T10:15:56 Checking update-file '/usr/share/kde4/apps/kconf_update/oxygen.upd' for new updates
2013-10-23T10:15:56 Checking update-file '/usr/share/kde4/apps/kconf_update/kwin_fsp_workarounds_1.upd' for new updates
2013-10-23T10:15:56 Checking update-file '/usr/share/kde4/apps/kconf_update/notifications-to-orgkdenotifications.upd' for new updates
2013-10-23T10:15:56 Checking update-file '/usr/share/kde4/apps/kconf_update/konsole.upd' for new updates
2013-10-23T10:15:56 Checking update-file '/usr/share/kde4/apps/kconf_update/kwin_translate_activity_rule.upd' for new updates
2013-10-23T10:15:56 Checking update-file '/usr/share/kde4/apps/kconf_update/kioslave.upd' for new updates
2013-10-23T10:15:56 kioslave.upd: Found new update 'kde2.2/r1'
2013-10-23T10:15:56 kioslave.upd: Skipping update 'kde2.2/r1'
2013-10-23T10:15:56 kioslave.upd: File 'kioslaverc' does not exist or empty, skipping
2013-10-26T02:56:50 Checking update-file '/usr/share/kde4/apps/kconf_update/kcookiescfg.upd' for new updates
2013-10-26T02:56:50 Checking update-file '/usr/share/kde4/apps/kconf_update/kio_help.upd' for new updates
2013-10-26T02:56:50 Checking update-file '/usr/share/kde4/apps/kconf_update/kwin_remove_delay_focus.upd' for new updates
2013-10-26T02:56:50 Checking update-file '/usr/share/kde4/apps/kconf_update/kwin_update_tabbox_settings.upd' for new updates
2013-10-26T02:56:50 Checking update-file '/usr/share/kde4/apps/kconf_update/kscreenlocker_locksession-shortcut.upd' for new updates
2013-10-26T02:56:50 Checking update-file '/usr/share/kde4/apps/kconf_update/ksmserver_shortcuts.upd' for new updates
2013-10-26T02:56:50 Checking update-file '/usr/share/kde4/apps/kconf_update/kwin_update_411.upd' for new updates
2013-10-26T02:56:50 Checking update-file '/usr/share/kde4/apps/kconf_update/newmailnotifier.upd' for new updates
2013-10-26T02:56:50 Checking update-file '/usr/share/kde4/apps/kconf_update/kgthemeprovider-migration.upd' for new updates
2013-10-26T02:56:50 Checking update-file '/usr/share/kde4/apps/kconf_update/mailfilteragent.upd' for new updates
2013-10-26T02:56:50 Checking update-file '/usr/share/kde4/apps/kconf_update/kcalcrc.upd' for new updates
2013-10-26T02:56:50 Checking update-file '/usr/share/kde4/apps/kconf_update/kwin_remove_effects.upd' for new updates
2013-10-26T02:56:50 Checking update-file '/usr/share/kde4/apps/kconf_update/kwin_update_49.upd' for new updates
2013-10-26T02:56:50 Checking update-file '/usr/share/kde4/apps/kconf_update/krdb_libpathwipe.upd' for new updates
2013-10-26T02:56:50 Checking update-file '/usr/share/kde4/apps/kconf_update/konsole_remove_background_mode.upd' for new updates
2013-10-26T02:56:50 Checking update-file '/usr/share/kde4/apps/kconf_update/klipper-kconfigxt.upd' for new updates
2013-10-26T02:56:50 Checking update-file '/usr/share/kde4/apps/kconf_update/okular.upd' for new updates
2013-10-26T02:56:50 Checking update-file '/usr/share/kde4/apps/kconf_update/kuriikwsfilter.upd' for new updates
2013-10-26T02:56:50 Checking update-file '/usr/share/kde4/apps/kconf_update/devicepreference.upd' for new updates
2013-10-26T02:56:50 Checking update-file '/usr/share/kde4/apps/kconf_update/ksslcertificatemanager.upd' for new updates
2013-10-26T02:56:50 Checking update-file '/usr/share/kde4/apps/kconf_update/korganizer.upd' for new updates
2013-10-26T02:56:50 Checking update-file '/usr/share/kde4/apps/kconf_update/kpgp.upd' for new updates
2013-10-26T02:56:50 Checking update-file '/usr/share/kde4/apps/kconf_update/kwin_translate_confrequest_rule.upd' for new updates
2013-10-26T02:56:50 Checking update-file '/usr/share/kde4/apps/kconf_update/kate-2.4.upd' for new updates
2013-10-26T02:56:50 Checking update-file '/usr/share/kde4/apps/kconf_update/mailtransports.upd' for new updates
2013-10-26T02:56:50 Checking update-file '/usr/share/kde4/apps/kconf_update/drkonqi-rename-config-section.upd' for new updates
2013-10-26T02:56:50 Checking update-file '/usr/share/kde4/apps/kconf_update/kwin_update_410.upd' for new updates
2013-10-26T02:56:50 Checking update-file '/usr/share/kde4/apps/kconf_update/plasma-add-shortcut-to-menu.upd' for new updates
2013-10-26T02:56:50 plasma-add-shortcut-to-menu.upd: Found new update '4.1LauncherShortcut'
2013-10-26T02:56:50 plasma-add-shortcut-to-menu.upd:2:'Script=plasma-add-shortcut-to-menu-update': Script 'plasma-add-shortcut-to-menu-update' not found
2013-10-26T02:56:50 Checking update-file '/usr/share/kde4/apps/kconf_update/plasma-to-plasmadesktop-shortcuts.upd' for new updates
2013-10-26T02:56:50 Checking update-file '/usr/share/kde4/apps/kconf_update/kwin_update_tabbox_qml_settings.upd' for new updates
2013-10-26T02:56:50 Checking update-file '/usr/share/kde4/apps/kconf_update/kded.upd' for new updates
2013-10-26T02:56:50 Checking update-file '/usr/share/kde4/apps/kconf_update/plasmarc-to-plasmadesktoprc.upd' for new updates
2013-10-26T02:56:50 Checking update-file '/usr/share/kde4/apps/kconf_update/oxygen.upd' for new updates
2013-10-26T02:56:50 Checking update-file '/usr/share/kde4/apps/kconf_update/amarok.upd' for new updates
2013-10-26T02:56:50 amarok.upd: Found new update '1'
2013-10-26T02:56:50 amarok.upd: Running script 'amarok-2.4.1-tokens_syntax_update.pl'
2013-10-26T02:56:50 Checking update-file '/usr/share/kde4/apps/kconf_update/kwin_fsp_workarounds_1.upd' for new updates
2013-10-26T02:56:50 Checking update-file '/usr/share/kde4/apps/kconf_update/kmail.upd' for new updates
2013-10-26T02:56:50 Checking update-file '/usr/share/kde4/apps/kconf_update/notifications-to-orgkdenotifications.upd' for new updates
2013-10-26T02:56:50 Checking update-file '/usr/share/kde4/apps/kconf_update/konsole.upd' for new updates
2013-10-26T02:56:50 Checking update-file '/usr/share/kde4/apps/kconf_update/kwin_translate_activity_rule.upd' for new updates
2013-10-26T02:56:50 Checking update-file '/usr/share/kde4/apps/kconf_update/kioslave.upd' for new updates
2013-10-26T02:56:50 kioslave.upd: Found new update 'kde2.2/r1'
2013-10-26T02:56:50 kioslave.upd: Skipping update 'kde2.2/r1'
2013-10-26T02:56:50 kioslave.upd: File 'kioslaverc' does not exist or empty, skipping
2013-10-26T03:36:55 Checking update-file '/usr/share/kde4/apps/kconf_update/yakuake.upd' for new updates
2013-10-26T03:36:55 yakuake.upd: Found new update '2.9.9-startupnotification'
2013-10-26T03:36:55 yakuake.upd: Running script 'yakuake-2.9.9-startupnotification.pl'
2013-11-14T01:17:20 Checking update-file '/usr/share/kde4/apps/kconf_update/kio_help.upd' for new updates
2013-11-14T01:17:41 Checking update-file '/usr/share/kde4/apps/kconf_update/kcookiescfg.upd' for new updates
2013-11-14T01:17:41 Checking update-file '/usr/share/kde4/apps/kconf_update/ksslcertificatemanager.upd' for new updates
2013-11-14T01:17:41 Checking update-file '/usr/share/kde4/apps/kconf_update/kded.upd' for new updates
2013-11-14T01:17:41 Checking update-file '/usr/share/kde4/apps/kconf_update/kioslave.upd' for new updates
2013-11-14T01:17:41 kioslave.upd: Found new update 'kde2.2/r1'
2013-11-14T01:17:41 kioslave.upd: Skipping update 'kde2.2/r1'
2013-11-14T01:17:42 Checking update-file '/usr/share/kde4/apps/kconf_update/kcookiescfg.upd' for new updates
2013-11-14T01:17:42 Checking update-file '/usr/share/kde4/apps/kconf_update/ksslcertificatemanager.upd' for new updates
2013-11-14T01:17:42 Checking update-file '/usr/share/kde4/apps/kconf_update/kded.upd' for new updates
2013-11-14T01:17:42 Checking update-file '/usr/share/kde4/apps/kconf_update/kioslave.upd' for new updates
2013-11-14T01:17:42 kioslave.upd: Found new update 'kde2.2/r1'
2013-11-14T01:17:42 kioslave.upd: Skipping update 'kde2.2/r1'
2013-11-16T23:42:52 Checking update-file '/usr/share/kde4/apps/kconf_update/kcookiescfg.upd' for new updates
2013-11-16T23:42:52 Checking update-file '/usr/share/kde4/apps/kconf_update/kio_help.upd' for new updates
2013-11-16T23:42:52 Checking update-file '/usr/share/kde4/apps/kconf_update/kopete-pluginloader2.upd' for new updates
2013-11-16T23:42:52 Checking update-file '/usr/share/kde4/apps/kconf_update/kwin_remove_delay_focus.upd' for new updates
2013-11-16T23:42:52 Checking update-file '/usr/share/kde4/apps/kconf_update/kwin_update_tabbox_settings.upd' for new updates
2013-11-16T23:42:52 Checking update-file '/usr/share/kde4/apps/kconf_update/ksmserver_shortcuts.upd' for new updates
2013-11-16T23:42:52 ksmserver_shortcuts.upd: Found new update 'kde45'
2013-11-16T23:42:52 ksmserver_shortcuts.upd: Skipping kglobalshortcutsrc:ksmserver:Halt Without Confirmation, already exists.
2013-11-16T23:42:52 ksmserver_shortcuts.upd: Skipping kglobalshortcutsrc:ksmserver:Log Out, already exists.
2013-11-16T23:42:52 ksmserver_shortcuts.upd: Skipping kglobalshortcutsrc:ksmserver:Log Out Without Confirmation, already exists.
2013-11-16T23:42:52 ksmserver_shortcuts.upd: Skipping kglobalshortcutsrc:ksmserver:Reboot Without Confirmation, already exists.
2013-11-16T23:42:52 Checking update-file '/usr/share/kde4/apps/kconf_update/kwin3_plugin.upd' for new updates
2013-11-16T23:42:52 kwin3_plugin.upd: Found new update 'kde3.2'
2013-11-16T23:42:52 kwin3_plugin.upd: Running script 'kwin3_plugin.pl'
2013-11-16T23:42:53 Checking update-file '/usr/share/kde4/apps/kconf_update/kopete-update_icq_server.upd' for new updates
2013-11-16T23:42:53 Checking update-file '/usr/share/kde4/apps/kconf_update/kopete-jabberpriorityaddition-kconf_update.upd' for new updates
2013-11-16T23:42:53 Checking update-file '/usr/share/kde4/apps/kconf_update/kopete-jabberproxytype-kconf_update.upd' for new updates
2013-11-16T23:42:53 Checking update-file '/usr/share/kde4/apps/kconf_update/kwin_focus1.upd' for new updates
2013-11-16T23:42:53 kwin_focus1.upd: Found new update 'kwin_focus1'
2013-11-16T23:42:53 kwin_focus1.upd: Running script 'kwin_focus1.sh'
2013-11-16T23:42:53 Checking update-file '/usr/share/kde4/apps/kconf_update/mailfilteragent.upd' for new updates
2013-11-16T23:42:53 Checking update-file '/usr/share/kde4/apps/kconf_update/kcalcrc.upd' for new updates
2013-11-16T23:42:53 Checking update-file '/usr/share/kde4/apps/kconf_update/kcmdisplayrc.upd' for new updates
2013-11-16T23:42:53 kcmdisplayrc.upd: Found new update 'kde3'
2013-11-16T23:42:53 kcmdisplayrc.upd: File 'kcmdisplayrc' does not exist or empty, skipping
2013-11-16T23:42:53 Checking update-file '/usr/share/kde4/apps/kconf_update/kwin_remove_effects.upd' for new updates
2013-11-16T23:42:53 Checking update-file '/usr/share/kde4/apps/kconf_update/kwinupdatewindowsettings.upd' for new updates
2013-11-16T23:42:53 kwinupdatewindowsettings.upd: Found new update 'kde33b1'
2013-11-16T23:42:53 kwinupdatewindowsettings.upd: Running script 'kwin_update_window_settings'
2013-11-16T23:42:53 [Script] QDBusConnection: session D-Bus connection created before QCoreApplication. Application may misbehave.
2013-11-16T23:42:53 Checking update-file '/usr/share/kde4/apps/kconf_update/krdb_libpathwipe.upd' for new updates
2013-11-16T23:42:53 Checking update-file '/usr/share/kde4/apps/kconf_update/kopete-gaim_to_pidgin_style.upd' for new updates
2013-11-16T23:42:53 Checking update-file '/usr/share/kde4/apps/kconf_update/klipper-kconfigxt.upd' for new updates
2013-11-16T23:42:53 Checking update-file '/usr/share/kde4/apps/kconf_update/kwinsticky.upd' for new updates
2013-11-16T23:42:53 kwinsticky.upd: Found new update 'stickyupd3.1'
2013-11-16T23:42:53 kwinsticky.upd: File 'kwin.eventsrc' does not exist or empty, skipping
2013-11-16T23:42:53 Checking update-file '/usr/share/kde4/apps/kconf_update/kopete-account-kconf_update.upd' for new updates
2013-11-16T23:42:53 Checking update-file '/usr/share/kde4/apps/kconf_update/kuriikwsfilter.upd' for new updates
2013-11-16T23:42:53 Checking update-file '/usr/share/kde4/apps/kconf_update/devicepreference.upd' for new updates
2013-11-16T23:42:53 Checking update-file '/usr/share/kde4/apps/kconf_update/ksslcertificatemanager.upd' for new updates
2013-11-16T23:42:53 Checking update-file '/usr/share/kde4/apps/kconf_update/korganizer.upd' for new updates
2013-11-16T23:42:53 Checking update-file '/usr/share/kde4/apps/kconf_update/kpgp.upd' for new updates
2013-11-16T23:42:53 Checking update-file '/usr/share/kde4/apps/kconf_update/kwin_on_off.upd' for new updates
2013-11-16T23:42:53 kwin_on_off.upd: Found new update 'kwin_on_off'
2013-11-16T23:42:53 kwin_on_off.upd: Running script 'on-off_to_true-false.sh'
2013-11-16T23:42:53 Checking update-file '/usr/share/kde4/apps/kconf_update/favicons.upd' for new updates
2013-11-16T23:42:53 Checking update-file '/usr/share/kde4/apps/kconf_update/kate-2.4.upd' for new updates
2013-11-16T23:42:53 Checking update-file '/usr/share/kde4/apps/kconf_update/nepomukstrigiservice-migrate.upd' for new updates
2013-11-16T23:42:53 Checking update-file '/usr/share/kde4/apps/kconf_update/mailtransports.upd' for new updates
2013-11-16T23:42:53 Checking update-file '/usr/share/kde4/apps/kconf_update/kaccel.upd' for new updates
2013-11-16T23:42:53 kaccel.upd: Found new update 'kde3.3/r1'
2013-11-16T23:42:53 kaccel.upd: Running script 'convertShortcuts.pl'
2013-11-16T23:42:53 Checking update-file '/usr/share/kde4/apps/kconf_update/ksmserver.upd' for new updates
2013-11-16T23:42:53 ksmserver.upd: Found new update 'kde3'
2013-11-16T23:42:53 ksmserver.upd: Running script 'move_session_config.sh'
2013-11-16T23:42:53 Checking update-file '/usr/share/kde4/apps/kconf_update/kopete-nameTracking.upd' for new updates
2013-11-16T23:42:53 kopete-nameTracking.upd: Found new update 'kopete0.9/r1'
2013-11-16T23:42:53 kopete-nameTracking.upd:3:'Script=kopete-nameTracking-kconf_update': Script 'kopete-nameTracking-kconf_update' not found
2013-11-16T23:42:53 Checking update-file '/usr/share/kde4/apps/kconf_update/plasma-add-shortcut-to-menu.upd' for new updates
2013-11-16T23:42:53 plasma-add-shortcut-to-menu.upd: Found new update '4.1LauncherShortcut'
2013-11-16T23:42:53 plasma-add-shortcut-to-menu.upd:2:'Script=plasma-add-shortcut-to-menu-update': Script 'plasma-add-shortcut-to-menu-update' not found
2013-11-16T23:42:53 Checking update-file '/usr/share/kde4/apps/kconf_update/mouse_cursor_theme.upd' for new updates
2013-11-16T23:42:53 mouse_cursor_theme.upd: Found new update 'kde3.4.99'
2013-11-16T23:42:53 mouse_cursor_theme.upd: Updating kcminputrc:Mouse:cursorTheme to ''
2013-11-16T23:42:53 mouse_cursor_theme.upd: Removing kdeglobals:KDE:cursorTheme, moved.
2013-11-16T23:42:53 Checking update-file '/usr/share/kde4/apps/kconf_update/plasma-to-plasmadesktop-shortcuts.upd' for new updates
2013-11-16T23:42:53 Checking update-file '/usr/share/kde4/apps/kconf_update/kwin_update_tabbox_qml_settings.upd' for new updates
2013-11-16T23:42:53 Checking update-file '/usr/share/kde4/apps/kconf_update/kopete-initialstatus.upd' for new updates
2013-11-16T23:42:53 Checking update-file '/usr/share/kde4/apps/kconf_update/kopete-pluginloader.upd' for new updates
2013-11-16T23:42:53 Checking update-file '/usr/share/kde4/apps/kconf_update/kded.upd' for new updates
2013-11-16T23:42:53 Checking update-file '/usr/share/kde4/apps/kconf_update/plasmarc-to-plasmadesktoprc.upd' for new updates
2013-11-16T23:42:53 Checking update-file '/usr/share/kde4/apps/kconf_update/kwiniconify.upd' for new updates
2013-11-16T23:42:53 kwiniconify.upd: Found new update 'iconifyupd3.1'
2013-11-16T23:42:53 kwiniconify.upd: File 'kwin.eventsrc' does not exist or empty, skipping
2013-11-16T23:42:53 Checking update-file '/usr/share/kde4/apps/kconf_update/kwin_focus2.upd' for new updates
2013-11-16T23:42:53 kwin_focus2.upd: Found new update 'kwin_focus2'
2013-11-16T23:42:53 kwin_focus2.upd: Running script 'kwin_focus2.sh'
2013-11-16T23:42:53 Checking update-file '/usr/share/kde4/apps/kconf_update/amarok.upd' for new updates
2013-11-16T23:42:53 Checking update-file '/usr/share/kde4/apps/kconf_update/audiocd.upd' for new updates
2013-11-16T23:42:53 audiocd.upd: Found new update '1'
2013-11-16T23:42:53 audiocd.upd: File 'kcmaudiocdrc' does not exist or empty, skipping
2013-11-16T23:42:53 Checking update-file '/usr/share/kde4/apps/kconf_update/kwin_fsp_workarounds_1.upd' for new updates
2013-11-16T23:42:53 Checking update-file '/usr/share/kde4/apps/kconf_update/kwin.upd' for new updates
2013-11-16T23:42:53 kwin.upd: Found new update 'kde3.0r1'
2013-11-16T23:42:53 kwin.upd: Running script 'pluginlibFix.pl'
2013-11-16T23:42:53 kwin.upd: Found new update 'kde3.2Xinerama'
2013-11-16T23:42:53 kwin.upd: Updating kdeglobals:Windows:XineramaEnabled to ''
2013-11-16T23:42:53 kwin.upd: Removing kwinrc:Windows:XineramaEnabled, moved.
2013-11-16T23:42:53 kwin.upd: Updating kdeglobals:Windows:XineramaMovementEnabled to ''
2013-11-16T23:42:53 kwin.upd: Removing kwinrc:Windows:XineramaMovementEnabled, moved.
2013-11-16T23:42:53 kwin.upd: Updating kdeglobals:Windows:XineramaPlacementEnabled to ''
2013-11-16T23:42:53 kwin.upd: Removing kwinrc:Windows:XineramaPlacementEnabled, moved.
2013-11-16T23:42:53 kwin.upd: Updating kdeglobals:Windows:XineramaMaximizeEnabled to ''
2013-11-16T23:42:53 kwin.upd: Removing kwinrc:Windows:XineramaMaximizeEnabled, moved.
2013-11-16T23:42:53 Checking update-file '/usr/share/kde4/apps/kconf_update/kwin_window_shortcuts.upd' for new updates
2013-11-16T23:42:53 kwin_window_shortcuts.upd: Found new update 'kde414'
2013-11-16T23:42:53 kwin_window_shortcuts.upd: Running script 'kwin_window_shortcuts.sh'
2013-11-16T23:42:53 Checking update-file '/usr/share/kde4/apps/kconf_update/kmail.upd' for new updates
2013-11-16T23:42:53 Checking update-file '/usr/share/kde4/apps/kconf_update/kopete-update_yahoo_server.upd' for new updates
2013-11-16T23:42:53 Checking update-file '/usr/share/kde4/apps/kconf_update/kioslave.upd' for new updates
2013-11-16T23:42:53 kioslave.upd: Found new update 'kde2.2/r1'
2013-11-16T23:42:53 kioslave.upd: Skipping update 'kde2.2/r1'
2013-11-17T00:37:58 Checking update-file '/usr/share/kde4/apps/kconf_update/kcookiescfg.upd' for new updates
2013-11-17T00:37:58 Checking update-file '/usr/share/kde4/apps/kconf_update/kio_help.upd' for new updates
2013-11-17T00:37:58 Checking update-file '/usr/share/kde4/apps/kconf_update/kopete-pluginloader2.upd' for new updates
2013-11-17T00:37:58 Checking update-file '/usr/share/kde4/apps/kconf_update/kwin_remove_delay_focus.upd' for new updates
2013-11-17T00:37:58 Checking update-file '/usr/share/kde4/apps/kconf_update/kwin_update_tabbox_settings.upd' for new updates
2013-11-17T00:37:58 Checking update-file '/usr/share/kde4/apps/kconf_update/ksmserver_shortcuts.upd' for new updates
2013-11-17T00:37:58 Checking update-file '/usr/share/kde4/apps/kconf_update/kwin3_plugin.upd' for new updates
2013-11-17T00:37:58 Checking update-file '/usr/share/kde4/apps/kconf_update/kopete-update_icq_server.upd' for new updates
2013-11-17T00:37:58 Checking update-file '/usr/share/kde4/apps/kconf_update/kopete-jabberpriorityaddition-kconf_update.upd' for new updates
2013-11-17T00:37:58 Checking update-file '/usr/share/kde4/apps/kconf_update/kopete-jabberproxytype-kconf_update.upd' for new updates
2013-11-17T00:37:58 Checking update-file '/usr/share/kde4/apps/kconf_update/kwin_focus1.upd' for new updates
2013-11-17T00:37:58 Checking update-file '/usr/share/kde4/apps/kconf_update/mailfilteragent.upd' for new updates
2013-11-17T00:37:58 Checking update-file '/usr/share/kde4/apps/kconf_update/kcalcrc.upd' for new updates
2013-11-17T00:37:58 Checking update-file '/usr/share/kde4/apps/kconf_update/kcmdisplayrc.upd' for new updates
2013-11-17T00:37:58 Checking update-file '/usr/share/kde4/apps/kconf_update/kwin_remove_effects.upd' for new updates
2013-11-17T00:37:58 Checking update-file '/usr/share/kde4/apps/kconf_update/kwinupdatewindowsettings.upd' for new updates
2013-11-17T00:37:58 Checking update-file '/usr/share/kde4/apps/kconf_update/krdb_libpathwipe.upd' for new updates
2013-11-17T00:37:58 Checking update-file '/usr/share/kde4/apps/kconf_update/kopete-gaim_to_pidgin_style.upd' for new updates
2013-11-17T00:37:58 Checking update-file '/usr/share/kde4/apps/kconf_update/klipper-kconfigxt.upd' for new updates
2013-11-17T00:37:58 Checking update-file '/usr/share/kde4/apps/kconf_update/kwinsticky.upd' for new updates
2013-11-17T00:37:58 Checking update-file '/usr/share/kde4/apps/kconf_update/kopete-account-kconf_update.upd' for new updates
2013-11-17T00:37:58 Checking update-file '/usr/share/kde4/apps/kconf_update/kuriikwsfilter.upd' for new updates
2013-11-17T00:37:58 Checking update-file '/usr/share/kde4/apps/kconf_update/devicepreference.upd' for new updates
2013-11-17T00:37:58 Checking update-file '/usr/share/kde4/apps/kconf_update/ksslcertificatemanager.upd' for new updates
2013-11-17T00:37:58 Checking update-file '/usr/share/kde4/apps/kconf_update/korganizer.upd' for new updates
2013-11-17T00:37:58 Checking update-file '/usr/share/kde4/apps/kconf_update/kpgp.upd' for new updates
2013-11-17T00:37:58 Checking update-file '/usr/share/kde4/apps/kconf_update/kwin_on_off.upd' for new updates
2013-11-17T00:37:58 Checking update-file '/usr/share/kde4/apps/kconf_update/favicons.upd' for new updates
2013-11-17T00:37:58 Checking update-file '/usr/share/kde4/apps/kconf_update/kate-2.4.upd' for new updates
2013-11-17T00:37:58 Checking update-file '/usr/share/kde4/apps/kconf_update/nepomukstrigiservice-migrate.upd' for new updates
2013-11-17T00:37:58 Checking update-file '/usr/share/kde4/apps/kconf_update/mailtransports.upd' for new updates
2013-11-17T00:37:58 Checking update-file '/usr/share/kde4/apps/kconf_update/kaccel.upd' for new updates
2013-11-17T00:37:59 Checking update-file '/usr/share/kde4/apps/kconf_update/ksmserver.upd' for new updates
2013-11-17T00:37:59 Checking update-file '/usr/share/kde4/apps/kconf_update/kopete-nameTracking.upd' for new updates
2013-11-17T00:37:59 kopete-nameTracking.upd: Found new update 'kopete0.9/r1'
2013-11-17T00:37:59 kopete-nameTracking.upd:3:'Script=kopete-nameTracking-kconf_update': Script 'kopete-nameTracking-kconf_update' not found
2013-11-17T00:37:59 Checking update-file '/usr/share/kde4/apps/kconf_update/plasma-add-shortcut-to-menu.upd' for new updates
2013-11-17T00:37:59 plasma-add-shortcut-to-menu.upd: Found new update '4.1LauncherShortcut'
2013-11-17T00:37:59 plasma-add-shortcut-to-menu.upd:2:'Script=plasma-add-shortcut-to-menu-update': Script 'plasma-add-shortcut-to-menu-update' not found
2013-11-17T00:37:59 Checking update-file '/usr/share/kde4/apps/kconf_update/mouse_cursor_theme.upd' for new updates
2013-11-17T00:37:59 Checking update-file '/usr/share/kde4/apps/kconf_update/plasma-to-plasmadesktop-shortcuts.upd' for new updates
2013-11-17T00:37:59 Checking update-file '/usr/share/kde4/apps/kconf_update/kwin_update_tabbox_qml_settings.upd' for new updates
2013-11-17T00:37:59 Checking update-file '/usr/share/kde4/apps/kconf_update/kopete-initialstatus.upd' for new updates
2013-11-17T00:37:59 Checking update-file '/usr/share/kde4/apps/kconf_update/kopete-pluginloader.upd' for new updates
2013-11-17T00:37:59 Checking update-file '/usr/share/kde4/apps/kconf_update/kded.upd' for new updates
2013-11-17T00:37:59 Checking update-file '/usr/share/kde4/apps/kconf_update/plasmarc-to-plasmadesktoprc.upd' for new updates
2013-11-17T00:37:59 Checking update-file '/usr/share/kde4/apps/kconf_update/kwiniconify.upd' for new updates
2013-11-17T00:37:59 Checking update-file '/usr/share/kde4/apps/kconf_update/kwin_focus2.upd' for new updates
2013-11-17T00:37:59 Checking update-file '/usr/share/kde4/apps/kconf_update/amarok.upd' for new updates
2013-11-17T00:37:59 Checking update-file '/usr/share/kde4/apps/kconf_update/audiocd.upd' for new updates
2013-11-17T00:37:59 Checking update-file '/usr/share/kde4/apps/kconf_update/kwin_fsp_workarounds_1.upd' for new updates
2013-11-17T00:37:59 Checking update-file '/usr/share/kde4/apps/kconf_update/kwin.upd' for new updates
2013-11-17T00:37:59 Checking update-file '/usr/share/kde4/apps/kconf_update/kwin_window_shortcuts.upd' for new updates
2013-11-17T00:37:59 Checking update-file '/usr/share/kde4/apps/kconf_update/kmail.upd' for new updates
2013-11-17T00:37:59 Checking update-file '/usr/share/kde4/apps/kconf_update/kopete-update_yahoo_server.upd' for new updates
2013-11-17T00:37:59 Checking update-file '/usr/share/kde4/apps/kconf_update/kioslave.upd' for new updates
2013-11-17T00:37:59 kioslave.upd: Found new update 'kde2.2/r1'
2013-11-17T00:37:59 kioslave.upd: Skipping update 'kde2.2/r1'
2013-11-16T20:08:32 Checking update-file '/usr/share/kde4/apps/kconf_update/plasma-add-shortcut-to-menu.upd' for new updates
2013-11-16T20:08:32 plasma-add-shortcut-to-menu.upd: Found new update '4.1LauncherShortcut'
2013-11-16T20:08:32 plasma-add-shortcut-to-menu.upd:2:'Script=plasma-add-shortcut-to-menu-update': Script 'plasma-add-shortcut-to-menu-update' not found
2013-11-16T20:08:32 Checking update-file '/usr/share/kde4/apps/kconf_update/plasma-to-plasmadesktop-shortcuts.upd' for new updates
2013-11-16T20:08:32 Checking update-file '/usr/share/kde4/apps/kconf_update/plasmarc-to-plasmadesktoprc.upd' for new updates
