[System] K3b Version: 2.0.2
[System] KDE Version: 4.11.2
[System] QT Version:  4.8.4
[System] Kernel:      3.11.0-12-generic
[Devices] PLDS DVD-RW DS8A8SH KL31 (/dev/sr0, CD-R, CD-RW, CD-ROM, DVD-ROM, DVD-R, DVD-RW, DVD-R DL, DVD+R, DVD+RW, DVD+R DL) [DVD-ROM, DVD-R Sequential, DVD-R Dual Layer Sequential, DVD-R Dual Layer Jump, DVD-RAM, DVD-RW Restricted Overwrite, DVD-RW Sequential, DVD+RW, DVD+R, DVD+R Dual Layer, CD-ROM, CD-R, CD-RW] [SAO, TAO, RAW, SAO/R96P, SAO/R96R, RAW/R16, RAW/R96P, RAW/R96R, Restricted Overwrite, Layer Jump] [%7]
[Used versions] mkisofs: 1.1.11
[mkisofs calculate size command:] /usr/bin/genisoimage -gui -graft-points -print-size -quiet -volid Group1WinAPI -volset  -appid K3B THE CD KREATOR (C) 1998-2010 SEBASTIAN TRUEG AND MICHAL MALEK -publisher  -preparer  -sysid LINUX -volset-size 1 -volset-seqno 1 -sort /tmp/kde-adamRew2Ri/k3bF10927.tmp -rational-rock -hide-list /tmp/kde-adamRew2Ri/k3bx10927.tmp -joliet -joliet-long -hide-joliet-list /tmp/kde-adamRew2Ri/k3bR10927.tmp -no-cache-inodes -full-iso9660-filenames -iso-level 3 -path-list /tmp/kde-adamRew2Ri/k3bL10927.tmp
[mkisofs] 5697
[K3b::IsoImager] mkisofs print size result: 5697 (11667456 bytes)
[Used versions] cdrecord: 1.1.11
[cdrecord command:] /usr/bin/wodim -v gracetime=2 dev=/dev/sr0 speed=8 -sao driveropts=burnfree -multi -data -tsize=5697s -
[mkisofs command:] /usr/bin/genisoimage -gui -graft-points -volid Group1WinAPI -volset  -appid K3B THE CD KREATOR (C) 1998-2010 SEBASTIAN TRUEG AND MICHAL MALEK -publisher  -preparer  -sysid LINUX -volset-size 1 -volset-seqno 1 -sort /tmp/kde-adamRew2Ri/k3bZ10927.tmp -rational-rock -hide-list /tmp/kde-adamRew2Ri/k3bO10927.tmp -joliet -joliet-long -hide-joliet-list /tmp/kde-adamRew2Ri/k3bd10927.tmp -no-cache-inodes -full-iso9660-filenames -iso-level 3 -path-list /tmp/kde-adamRew2Ri/k3bf10927.tmp
[cdrecord] /usr/bin/wodim: Operation not permitted. Warning: Cannot raise RLIMIT_MEMLOCK limits.
[cdrecord] scsidev: '/dev/sr0'
[cdrecord] devname: '/dev/sr0'
[cdrecord] scsibus: -2 target: -2 lun: -2
[cdrecord] Linux sg driver version: 3.5.27
[cdrecord] Wodim version: 1.1.11
[cdrecord] SCSI buffer size: 64512
[mkisofs] I: -input-charset not specified, using utf-8 (detected in locale settings)
[cdrecord] Beginning DMA speed test. Set CDR_NODMATEST environment variable if device
[cdrecord] communication breaks or freezes immediately after that.
[cdrecord] TOC Type: 1 = CD-ROM
[cdrecord] Driveropts: 'burnfree'
[cdrecord] Device type    : Removable CD-ROM
[cdrecord] Version        : 5
[cdrecord] Response Format: 2
[cdrecord] Capabilities   : 
[cdrecord] Vendor_info    : 'PLDS    '
[cdrecord] Identification : 'DVD-RW DS8A8SH  '
[cdrecord] Revision       : 'KL31'
[cdrecord] Device seems to be: Generic mmc2 DVD-R/DVD-RW.
[cdrecord] Current: 0x0011 (DVD-R sequential recording)
[cdrecord] Profile: 0x002B (DVD+R/DL) 
[cdrecord] Profile: 0x001B (DVD+R) 
[cdrecord] Profile: 0x001A (DVD+RW) 
[cdrecord] Profile: 0x0016 (DVD-R/DL layer jump recording) 
[cdrecord] Profile: 0x0015 (DVD-R/DL sequential recording) 
[cdrecord] Profile: 0x0014 (DVD-RW sequential recording) 
[cdrecord] Profile: 0x0013 (DVD-RW restricted overwrite) 
[cdrecord] Profile: 0x0012 (DVD-RAM) 
[cdrecord] Profile: 0x0011 (DVD-R sequential recording) (current)
[cdrecord] Profile: 0x0010 (DVD-ROM) 
[cdrecord] Profile: 0x000A (CD-RW) 
[cdrecord] Profile: 0x0009 (CD-R) 
[cdrecord] Profile: 0x0008 (CD-ROM) 
[cdrecord] Profile: 0x0002 (Removable disk) 
[cdrecord] Using generic SCSI-3/mmc DVD-R(W) driver (mmc_mdvd).
[cdrecord] Driver flags   : SWABAUDIO BURNFREE 
[cdrecord] Supported modes: PACKET SAO
[cdrecord] Drive buf size : 686080 = 670 KB
[cdrecord] FIFO size      : 12582912 = 12288 KB
[mkisofs]   8.97% done, estimate finish Fri Nov  8 13:00:36 2013
[mkisofs]  17.68% done, estimate finish Fri Nov  8 13:00:36 2013
[mkisofs]  26.38% done, estimate finish Fri Nov  8 13:00:36 2013
[cdrecord] Speed set to 11080 KB/s
[cdrecord] Track 01: data    11 MB        
[cdrecord] Total size:       12 MB (01:15.96) = 5697 sectors
[cdrecord] Lout start:       13 MB (01:17/72) = 5697 sectors
[cdrecord] Current Secsize: 2048
[cdrecord] HINT: use dvd+rw-mediainfo from dvd+rw-tools for information extraction.
[cdrecord] Blocks total: 2298496 Blocks current: 2298496 Blocks remaining: 2292799
[cdrecord] Starting to write CD/DVD at speed   8.0 in real SAO mode for multi session.
[cdrecord] Last chance to quit, starting real write in    2 seconds.
[mkisofs]  35.37% done, estimate finish Fri Nov  8 13:00:36 2013
[mkisofs]  44.08% done, estimate finish Fri Nov  8 13:00:36 2013
[mkisofs]  52.78% done, estimate finish Fri Nov  8 13:00:36 2013
[mkisofs]  61.49% done, estimate finish Fri Nov  8 13:00:36 2013
[mkisofs]  70.48% done, estimate finish Fri Nov  8 13:00:36 2013
[mkisofs]  79.18% done, estimate finish Fri Nov  8 13:00:36 2013
[mkisofs]  87.89% done, estimate finish Fri Nov  8 13:00:36 2013
[mkisofs]  96.59% done, estimate finish Fri Nov  8 13:00:36 2013
[mkisofs] Total translation table size: 0
[mkisofs] Total rockridge attributes bytes: 276
[mkisofs] Total directory bytes: 412
[mkisofs] Path table size(bytes): 10
[mkisofs] Max brk space used 0
[mkisofs] 5697 extents written (11 MB)
[cdrecord]    1 seconds.
[cdrecord]    0 seconds. Operation starts.
[cdrecord] Waiting for reader process to fill input buffer ... input buffer ready.
[cdrecord] Performing OPC...
[cdrecord] Sending CUE sheet...
[cdrecord] Starting new track at sector: 0
[cdrecord] Track 01:    0 of   11 MB written.
[cdrecord] Track 01:    1 of   11 MB written (fifo 100%) [buf  99%]   0.0x.
[cdrecord] Track 01:    2 of   11 MB written (fifo 100%) [buf  99%]   3.6x.
[cdrecord] Track 01:    3 of   11 MB written (fifo 100%) [buf  99%]   3.7x.
[cdrecord] Track 01:    4 of   11 MB written (fifo 100%) [buf  99%]   3.6x.
[cdrecord] Track 01:    5 of   11 MB written (fifo 100%) [buf  99%]   3.7x.
[cdrecord] Track 01:    6 of   11 MB written (fifo 100%) [buf  99%]   3.6x.
[cdrecord] Track 01:    7 of   11 MB written (fifo 100%) [buf  99%]   3.7x.
[cdrecord] Track 01:    8 of   11 MB written (fifo 100%) [buf  99%]   3.6x.
[cdrecord] Track 01:    9 of   11 MB written (fifo 100%) [buf  99%]   3.7x.
[cdrecord] Track 01:   10 of   11 MB written (fifo 100%) [buf  99%]   3.6x.
[cdrecord] Track 01:   11 of   11 MB written (fifo 100%) [buf  99%]   3.7x.
[cdrecord] Track 01: Total bytes read/written: 11667456/11667456 (5697 sectors).
[cdrecord] Writing  time:   45.704s
[cdrecord] Average write speed   0.3x.
[cdrecord] Min drive buffer fill was 99%
[cdrecord] Fixating...
[cdrecord] Fixating time:  184.975s
[cdrecord] /usr/bin/wodim: fifo had 184 puts and 184 gets.
[cdrecord] /usr/bin/wodim: fifo was 0 times empty and 0 times full, min fill was 100%.
[K3b::DataTrackReader] reading sectors 0 to 5696 with sector size 2048. Length: 5697 sectors, 11667456 bytes.
[K3b::DataTrackReader] using buffer size of 64 blocks.
[K3b::DataTrackReader] Read a total of 5697 sectors (11667456 bytes)
